\\mac\google drive\lauren\computer science\comp 311\tictac\debug\tictac.ilk
\\mac\google drive\lauren\computer science\comp 311\tictac\debug\tictac.exe
\\mac\google drive\lauren\computer science\comp 311\tictac\debug\tictac.pdb
\\mac\google drive\lauren\computer science\comp 311\tictac\tictac\debug\vc141.pdb
\\mac\google drive\lauren\computer science\comp 311\tictac\tictac\debug\vc141.idb
\\mac\google drive\lauren\computer science\comp 311\tictac\tictac\debug\tictactoe.obj
\\mac\google drive\lauren\computer science\comp 311\tictac\tictac\debug\servermain.obj
\\mac\google drive\lauren\computer science\comp 311\tictac\tictac\debug\playtictactoe.obj
\\mac\google drive\lauren\computer science\comp 311\tictac\tictac\debug\getservers.obj
\\mac\google drive\lauren\computer science\comp 311\tictac\tictac\debug\clientmain.obj
\\mac\google drive\lauren\computer science\comp 311\tictac\tictac\debug\wait.obj
\\mac\google drive\lauren\computer science\comp 311\tictac\tictac\debug\udp_send.obj
\\mac\google drive\lauren\computer science\comp 311\tictac\tictac\debug\udp_recv.obj
\\mac\google drive\lauren\computer science\comp 311\tictac\tictac\debug\timestamp.obj
\\mac\google drive\lauren\computer science\comp 311\tictac\tictac\debug\passivesock.obj
\\mac\google drive\lauren\computer science\comp 311\tictac\tictac\debug\getipaddressinfo.obj
\\mac\google drive\lauren\computer science\comp 311\tictac\tictac\debug\connectsock.obj
\\mac\google drive\lauren\computer science\comp 311\tictac\tictac\debug\tictac.tlog\link.read.1.tlog
\\mac\google drive\lauren\computer science\comp 311\tictac\tictac\debug\tictac.tlog\link.command.1.tlog
\\mac\google drive\lauren\computer science\comp 311\tictac\tictac\debug\tictac.tlog\link.write.1.tlog
\\mac\google drive\lauren\computer science\comp 311\tictac\tictac\debug\tictac.tlog\cl.read.1.tlog
\\mac\google drive\lauren\computer science\comp 311\tictac\tictac\debug\tictac.tlog\cl.command.1.tlog
\\mac\google drive\lauren\computer science\comp 311\tictac\tictac\debug\tictac.tlog\cl.write.1.tlog
